<?xml version="1.0" encoding="UTF-8"?>
<!-- Generated by org.testng.reporters.JUnitXMLReporter -->
<testsuite ignored="0" hostname="DESKTOP-76TBABV" failures="0" tests="11" name="Default test" time="89.358" errors="0" timestamp="2025-03-25T15:43:49 IST">
  <testcase classname="testcases.CartTest" name="testAccessCartWithoutLogin" time="5.053"/>
  <testcase classname="testcases.CartTest" name="verifyAboutMenu" time="27.836"/>
  <testcase classname="testcases.CartTest" name="verifyAllItemsMenu" time="3.191"/>
  <testcase classname="testcases.CartTest" name="verifyApplicationTitle" time="0.017"/>
  <testcase classname="testcases.CartTest" name="verifyApplicationUrl" time="0.014"/>
  <testcase classname="testcases.CartTest" name="verifyCartAfterRemovingProduct" time="4.222"/>
  <testcase classname="testcases.CartTest" name="verifyCheckout" time="4.116"/>
  <testcase classname="testcases.CartTest" name="verifyContinueShoppingBtn" time="3.118"/>
  <testcase classname="testcases.CartTest" name="verifyLogoutMenu" time="3.191"/>
  <testcase classname="testcases.CartTest" name="verifyProductNameClickNavigation" time="0.103"/>
  <testcase classname="testcases.CartTest" name="verifyResetAppMenu" time="3.176"/>
</testsuite> <!-- Default test -->
